<?xml version="1.0" encoding="UTF-8"?>
<testng-results ignored="0" total="1" passed="1" failed="0" skipped="0">
  <reporter-output>
  </reporter-output>
  <suite started-at="2023-06-10T16:01:28 IST" name="Default suite" finished-at="2023-06-10T16:01:45 IST" duration-ms="17433">
    <groups>
    </groups>
    <test started-at="2023-06-10T16:01:28 IST" name="Default test" finished-at="2023-06-10T16:01:45 IST" duration-ms="17433">
      <class name="com.inetBanking.testCases.TC_LoginTest_001">
        <test-method is-config="true" signature="setup()[pri:0, instance:com.inetBanking.testCases.TC_LoginTest_001@459e9125]" started-at="2023-06-10T16:01:28 IST" name="setup" finished-at="2023-06-10T16:01:32 IST" duration-ms="4288" status="PASS">
          <reporter-output>
          </reporter-output>
        </test-method> <!-- setup -->
        <test-method signature="loginTest()[pri:0, instance:com.inetBanking.testCases.TC_LoginTest_001@459e9125]" started-at="2023-06-10T16:01:32 IST" name="loginTest" finished-at="2023-06-10T16:01:45 IST" duration-ms="12740" status="PASS">
          <reporter-output>
          </reporter-output>
        </test-method> <!-- loginTest -->
        <test-method is-config="true" signature="teardown()[pri:0, instance:com.inetBanking.testCases.TC_LoginTest_001@459e9125]" started-at="2023-06-10T16:01:45 IST" name="teardown" finished-at="2023-06-10T16:01:45 IST" duration-ms="318" status="PASS">
          <reporter-output>
          </reporter-output>
        </test-method> <!-- teardown -->
      </class> <!-- com.inetBanking.testCases.TC_LoginTest_001 -->
    </test> <!-- Default test -->
  </suite> <!-- Default suite -->
</testng-results>
